-------------------------------------------------------------------------------
Test set: com.lambdaschool.shoppingcart.ShoppingcartApplicationTests
-------------------------------------------------------------------------------
Tests run: 1, Failures: 0, Errors: 1, Skipped: 0, Time elapsed: 4.918 s <<< FAILURE! - in com.lambdaschool.shoppingcart.ShoppingcartApplicationTests
contextLoads  Time elapsed: 0.002 s  <<< ERROR!
java.lang.IllegalStateException: Failed to load ApplicationContext
Caused by: org.springframework.beans.factory.BeanCreationException: Error creating bean with name 'org.springframework.security.oauth2.config.annotation.web.configuration.AuthorizationServerSecurityConfiguration': Injection of autowired dependencies failed; nested exception is java.lang.IllegalArgumentException: rawPassword cannot be null
Caused by: java.lang.IllegalArgumentException: rawPassword cannot be null

